<?xml version="1.0" encoding="UTF-8"?>
<!-- Generated by org.testng.reporters.JUnitReportReporter -->
<testsuite hostname="LHTU05CG034592N" name="com.test.sample.DemoOne" tests="1" failures="0" timestamp="28 Aug 2021 05:35:47 GMT" time="0.042" errors="0">
  <testcase name="demo" time="0.042" classname="com.test.sample.DemoOne"/>
</testsuite> <!-- com.test.sample.DemoOne -->
